<?xml version="1.0" encoding="UTF-8"?>
<!-- Generated by org.testng.reporters.JUnitReportReporter -->
<testsuite hostname="rajesh" failures="0" tests="4" name="testscripts.regression.toValidateLoginDetailsUsingDataDriven" time="13.972" errors="0" timestamp="2024-04-02T16:54:41 IST" skipped="0">
  <testcase classname="testscripts.regression.toValidateLoginDetailsUsingDataDriven" name="toValidateLoginUsingDataDrivenTest" time="3.311"/>
  <testcase classname="testscripts.regression.toValidateLoginDetailsUsingDataDriven" name="toValidateLoginUsingDataDrivenTest" time="3.875"/>
  <testcase classname="testscripts.regression.toValidateLoginDetailsUsingDataDriven" name="toValidateLoginUsingDataDrivenTest" time="3.504"/>
  <testcase classname="testscripts.regression.toValidateLoginDetailsUsingDataDriven" name="toValidateLoginUsingDataDrivenTest" time="3.282"/>
</testsuite> <!-- testscripts.regression.toValidateLoginDetailsUsingDataDriven -->
