<?xml version="1.0" encoding="UTF-8"?>
<!-- Generated by org.testng.reporters.JUnitReportReporter -->
<testsuite hostname="rajesh" failures="0" tests="1" name="testscripts.regression.toValidateLoginDetails" time="5.056" errors="0" timestamp="2024-04-01T15:41:33 IST" skipped="0">
  <testcase classname="testscripts.regression.toValidateLoginDetails" name="toValidateLoginDetailsTest" time="5.056"/>
</testsuite> <!-- testscripts.regression.toValidateLoginDetails -->
