<?xml version="1.0" encoding="UTF-8"?>
<!-- Generated by org.testng.reporters.JUnitReportReporter -->
<testsuite hostname="rajesh" failures="0" tests="1" name="pages.verifyLoginDetailsUsingPomHybrid" time="11.109" errors="0" timestamp="2024-04-09T11:53:57 IST" skipped="0">
  <testcase classname="pages.verifyLoginDetailsUsingPomHybrid" name="verifyLoginDetailsTest" time="11.109"/>
</testsuite> <!-- pages.verifyLoginDetailsUsingPomHybrid -->
