<?xml version="1.0" encoding="UTF-8"?>
<!-- Generated by org.testng.reporters.JUnitReportReporter -->
<testsuite hostname="rajesh" failures="0" tests="1" name="pages.toValidateLoginUsingPageFactory" time="5.408" errors="0" timestamp="2024-04-03T16:01:59 IST" skipped="0">
  <testcase classname="pages.toValidateLoginUsingPageFactory" name="ValidateLoginTest" time="5.408"/>
</testsuite> <!-- pages.toValidateLoginUsingPageFactory -->
