<?xml version="1.0" encoding="UTF-8"?>
<!-- Generated by org.testng.reporters.JUnitReportReporter -->
<testsuite hostname="rajesh" failures="0" tests="1" name="pages.validateAdactinPages" time="8.203" errors="0" timestamp="2024-04-08T11:52:23 IST" skipped="0">
  <testcase classname="pages.validateAdactinPages" name="validationsTest" time="8.203"/>
</testsuite> <!-- pages.validateAdactinPages -->
