<?xml version="1.0" encoding="UTF-8"?>
<!-- Generated by org.testng.reporters.JUnitReportReporter -->
<testsuite hostname="rajesh" failures="0" tests="1" name="keywords.ValidateLoginDetailsUsingKeyword" time="11.372" errors="0" timestamp="2024-04-02T16:30:55 IST" skipped="0">
  <testcase classname="keywords.ValidateLoginDetailsUsingKeyword" name="ValidateLoginDetailsTest" time="11.372"/>
</testsuite> <!-- keywords.ValidateLoginDetailsUsingKeyword -->
